-------------------------------------------------------------------------------
Test set: com.example.AppTest
-------------------------------------------------------------------------------
Tests run: 8, Failures: 1, Errors: 0, Skipped: 0, Time elapsed: 0.148 s <<< FAILURE! - in com.example.AppTest
testTimeout  Time elapsed: 0.132 s  <<< FAILURE!
org.opentest4j.AssertionFailedError: execution exceeded timeout of 100 ms by 15 ms
	at com.example.AppTest.testTimeout(AppTest.java:98)

